<?xml version="1.0" encoding="UTF-8"?>
<!-- Generated by org.testng.reporters.JUnitReportReporter -->
<testsuite skipped="0" hostname="SR-C02ZM0XQLVDQ" name="cucmberTestNGTestRunner.AdPortal_CreateCampaign_001_TestRunner" tests="1" failures="0" timestamp="2020-03-26T18:42:26 MDT" time="64.146" errors="0">
  <testcase name="feature" time="64.146" classname="cucmberTestNGTestRunner.AdPortal_CreateCampaign_001_TestRunner"/>
</testsuite> <!-- cucmberTestNGTestRunner.AdPortal_CreateCampaign_001_TestRunner -->
