<?xml version="1.0" encoding="UTF-8"?>
<!-- Generated by org.testng.reporters.JUnitReportReporter -->
<testsuite skipped="0" hostname="SR-C02ZM0XQLVDQ" name="cucmberTestNGTestRunner.RegressionTestRunner" tests="6" failures="0" timestamp="2020-04-27T12:36:20 MDT" time="203.434" errors="0">
  <testcase name="feature" time="30.905" classname="cucmberTestNGTestRunner.RegressionTestRunner"/>
  <testcase name="feature" time="115.599" classname="cucmberTestNGTestRunner.RegressionTestRunner"/>
  <testcase name="feature" time="6.723" classname="cucmberTestNGTestRunner.RegressionTestRunner"/>
  <testcase name="feature" time="25.199" classname="cucmberTestNGTestRunner.RegressionTestRunner"/>
  <testcase name="feature" time="6.723" classname="cucmberTestNGTestRunner.RegressionTestRunner"/>
  <testcase name="feature" time="18.285" classname="cucmberTestNGTestRunner.RegressionTestRunner"/>
</testsuite> <!-- cucmberTestNGTestRunner.RegressionTestRunner -->
