<?xml version="1.0" encoding="UTF-8"?>
<!-- Generated by org.testng.reporters.JUnitReportReporter -->
<testsuite skipped="0" hostname="SR-C02ZM0XQLVDQ" name="cucmberTestNGTestRunner.RegressionTestRunner" tests="6" failures="0" timestamp="2020-04-17T16:24:43 MDT" time="173.556" errors="0">
  <testcase name="feature" time="6.916" classname="cucmberTestNGTestRunner.RegressionTestRunner"/>
  <testcase name="feature" time="18.296" classname="cucmberTestNGTestRunner.RegressionTestRunner"/>
  <testcase name="feature" time="84.877" classname="cucmberTestNGTestRunner.RegressionTestRunner"/>
  <testcase name="feature" time="7.052" classname="cucmberTestNGTestRunner.RegressionTestRunner"/>
  <testcase name="feature" time="25.259" classname="cucmberTestNGTestRunner.RegressionTestRunner"/>
  <testcase name="feature" time="31.156" classname="cucmberTestNGTestRunner.RegressionTestRunner"/>
</testsuite> <!-- cucmberTestNGTestRunner.RegressionTestRunner -->
