<?xml version="1.0" encoding="UTF-8"?>
<!-- Generated by org.testng.reporters.JUnitReportReporter -->
<testsuite skipped="0" hostname="SR-C02ZM0XQLVDQ" name="cucmberTestNGTestRunner.AdPortal_SSU_LogIn_SignUp_001_TestRunner" tests="1" failures="0" timestamp="2020-03-23T22:24:35 MDT" time="6.810" errors="0">
  <testcase name="feature" time="6.810" classname="cucmberTestNGTestRunner.AdPortal_SSU_LogIn_SignUp_001_TestRunner"/>
</testsuite> <!-- cucmberTestNGTestRunner.AdPortal_SSU_LogIn_SignUp_001_TestRunner -->
