<?xml version="1.0" encoding="UTF-8"?>
<!-- Generated by org.testng.reporters.JUnitReportReporter -->
<testsuite skipped="0" hostname="SR-C02ZM0XQLVDQ" name="cucmberTestNGTestRunner.RegressionTestRunner" tests="6" failures="0" timestamp="2020-04-21T09:31:46 MDT" time="202.670" errors="0">
  <testcase name="feature" time="113.472" classname="cucmberTestNGTestRunner.RegressionTestRunner"/>
  <testcase name="feature" time="32.156" classname="cucmberTestNGTestRunner.RegressionTestRunner"/>
  <testcase name="feature" time="25.185" classname="cucmberTestNGTestRunner.RegressionTestRunner"/>
  <testcase name="feature" time="6.812" classname="cucmberTestNGTestRunner.RegressionTestRunner"/>
  <testcase name="feature" time="18.304" classname="cucmberTestNGTestRunner.RegressionTestRunner"/>
  <testcase name="feature" time="6.741" classname="cucmberTestNGTestRunner.RegressionTestRunner"/>
</testsuite> <!-- cucmberTestNGTestRunner.RegressionTestRunner -->
