<?xml version="1.0" encoding="UTF-8"?>
<!-- Generated by org.testng.reporters.JUnitReportReporter -->
<testsuite skipped="0" hostname="SR-C02ZM0XQLVDQ" name="cucmberTestNGTestRunner.RegressionTestRunner" tests="4" failures="0" timestamp="2020-04-02T20:24:54 MDT" time="167.073" errors="0">
  <testcase name="feature" time="117.754" classname="cucmberTestNGTestRunner.RegressionTestRunner"/>
  <testcase name="feature" time="20.573" classname="cucmberTestNGTestRunner.RegressionTestRunner"/>
  <testcase name="feature" time="21.460" classname="cucmberTestNGTestRunner.RegressionTestRunner"/>
  <testcase name="feature" time="7.286" classname="cucmberTestNGTestRunner.RegressionTestRunner"/>
</testsuite> <!-- cucmberTestNGTestRunner.RegressionTestRunner -->
