<?xml version="1.0" encoding="UTF-8"?>
<!-- Generated by org.testng.reporters.JUnitReportReporter -->
<testsuite skipped="0" hostname="SR-C02ZM0XQLVDQ" name="cucmberTestNGTestRunner.AdPortal_NewUser_FAQ_link_Functionality_TestRunner" tests="1" failures="0" timestamp="2020-04-07T11:10:33 MDT" time="38.609" errors="0">
  <testcase name="feature" time="38.609" classname="cucmberTestNGTestRunner.AdPortal_NewUser_FAQ_link_Functionality_TestRunner"/>
</testsuite> <!-- cucmberTestNGTestRunner.AdPortal_NewUser_FAQ_link_Functionality_TestRunner -->
