<?xml version="1.0" encoding="UTF-8"?>
<!-- Generated by org.testng.reporters.JUnitReportReporter -->
<testsuite skipped="0" hostname="SR-C02ZM0XQLVDQ" name="cucmberTestNGTestRunner.AdPortal_NewCustomerDashboardView_001_TestRunner" tests="1" failures="0" timestamp="2020-04-02T20:14:27 MDT" time="23.221" errors="0">
  <testcase name="feature" time="23.221" classname="cucmberTestNGTestRunner.AdPortal_NewCustomerDashboardView_001_TestRunner"/>
</testsuite> <!-- cucmberTestNGTestRunner.AdPortal_NewCustomerDashboardView_001_TestRunner -->
