<?xml version="1.0" encoding="UTF-8"?>
<!-- Generated by org.testng.reporters.JUnitReportReporter -->
<testsuite skipped="0" hostname="SR-C02ZM0XQLVDQ" name="cucmberTestNGTestRunner.AdPortal_CreateCampaign_002_TestRunner" tests="1" failures="0" timestamp="2020-04-09T15:52:25 MDT" time="122.048" errors="0">
  <testcase name="feature" time="122.048" classname="cucmberTestNGTestRunner.AdPortal_CreateCampaign_002_TestRunner"/>
</testsuite> <!-- cucmberTestNGTestRunner.AdPortal_CreateCampaign_002_TestRunner -->
