<?xml version="1.0" encoding="UTF-8"?>
<!-- Generated by org.testng.reporters.JUnitReportReporter -->
<testsuite skipped="0" hostname="SR-C02ZM0XQLVDQ" name="cucmberTestNGTestRunner.RegressionTestRunner" tests="6" failures="0" timestamp="2020-04-14T14:23:35 MDT" time="185.188" errors="0">
  <testcase name="feature" time="6.700" classname="cucmberTestNGTestRunner.RegressionTestRunner"/>
  <testcase name="feature" time="6.294" classname="cucmberTestNGTestRunner.RegressionTestRunner"/>
  <testcase name="feature" time="31.824" classname="cucmberTestNGTestRunner.RegressionTestRunner"/>
  <testcase name="feature" time="92.546" classname="cucmberTestNGTestRunner.RegressionTestRunner"/>
  <testcase name="feature" time="21.614" classname="cucmberTestNGTestRunner.RegressionTestRunner"/>
  <testcase name="feature" time="26.210" classname="cucmberTestNGTestRunner.RegressionTestRunner"/>
</testsuite> <!-- cucmberTestNGTestRunner.RegressionTestRunner -->
