<?xml version="1.0" encoding="UTF-8"?>
<!-- Generated by org.testng.reporters.JUnitReportReporter -->
<testsuite skipped="0" hostname="SR-C02ZM0XQLVDQ" name="cucmberTestNGTestRunner.Adportal_LogIn_001_TestRunner" tests="1" failures="0" timestamp="2020-03-23T17:22:50 MDT" time="17.695" errors="0">
  <testcase name="feature" time="17.695" classname="cucmberTestNGTestRunner.Adportal_LogIn_001_TestRunner"/>
</testsuite> <!-- cucmberTestNGTestRunner.Adportal_LogIn_001_TestRunner -->
