<?xml version="1.0" encoding="UTF-8"?>
<!-- Generated by org.testng.reporters.JUnitReportReporter -->
<testsuite skipped="0" hostname="SR-C02ZM0XQLVDQ" name="cucmberTestNGTestRunner.RegressionTestRunner" tests="4" failures="0" timestamp="2020-04-03T09:56:58 MDT" time="169.438" errors="0">
  <testcase name="feature" time="117.238" classname="cucmberTestNGTestRunner.RegressionTestRunner"/>
  <testcase name="feature" time="20.991" classname="cucmberTestNGTestRunner.RegressionTestRunner"/>
  <testcase name="feature" time="5.989" classname="cucmberTestNGTestRunner.RegressionTestRunner"/>
  <testcase name="feature" time="25.220" classname="cucmberTestNGTestRunner.RegressionTestRunner"/>
</testsuite> <!-- cucmberTestNGTestRunner.RegressionTestRunner -->
