<?xml version="1.0" encoding="UTF-8"?>
<!-- Generated by org.testng.reporters.JUnitReportReporter -->
<testsuite skipped="0" hostname="SR-C02ZM0XQLVDQ" name="cucmberTestNGTestRunner.Adportal_LogIn_001_TestRunner" tests="1" failures="0" timestamp="2020-04-16T17:21:49 MDT" time="10.362" errors="0">
  <testcase name="feature" time="10.362" classname="cucmberTestNGTestRunner.Adportal_LogIn_001_TestRunner"/>
</testsuite> <!-- cucmberTestNGTestRunner.Adportal_LogIn_001_TestRunner -->
