<?xml version="1.0" encoding="UTF-8"?>
<!-- Generated by org.testng.reporters.JUnitReportReporter -->
<testsuite skipped="0" hostname="SR-C02ZM0XQLVDQ" name="cucmberTestNGTestRunner.AdPortal_CreateCampaign_002_TestRunner" tests="1" failures="0" timestamp="2020-04-14T12:20:46 MDT" time="120.487" errors="0">
  <testcase name="feature" time="120.487" classname="cucmberTestNGTestRunner.AdPortal_CreateCampaign_002_TestRunner"/>
</testsuite> <!-- cucmberTestNGTestRunner.AdPortal_CreateCampaign_002_TestRunner -->
